2024-01-10 13:31:36,236 INFO  - ****************************************************************************************
2024-01-10 13:31:36,237 INFO  - ****************************************************************************************
2024-01-10 13:31:36,237 INFO  - $$$$$$$$$$$$$$$$$$$$$            Verify Create Repo API         $$$$$$$$$$$$$$$$$$$$$$$$$
2024-01-10 13:31:36,237 INFO  - ****************************************************************************************
2024-01-10 13:31:36,237 INFO  - ****************************************************************************************
2024-01-10 13:31:36,463 INFO  - BaseURI is - https://api.github.com/user/repos
2024-01-10 13:31:36,463 INFO  - Payload to be sent is {
  "name" : "repo1",
  "description" : "DDT repo1"
}
2024-01-10 13:31:38,032 INFO  - Response of request is {"message":"Bad credentials","documentation_url":"https://docs.github.com/rest"}
2024-01-10 13:31:38,032 INFO  - Post status code is 401
2024-01-10 13:31:38,052 INFO  - ****************************************************************************************
2024-01-10 13:31:38,052 INFO  - ****************************************************************************************
2024-01-10 13:31:38,052 INFO  - $$$$$$$$$$$$$$$$$$$$$            Verify Create Repo API         $$$$$$$$$$$$$$$$$$$$$$$$$
2024-01-10 13:31:38,052 INFO  - ****************************************************************************************
2024-01-10 13:31:38,052 INFO  - ****************************************************************************************
2024-01-10 13:31:38,052 INFO  - BaseURI is - https://api.github.com/user/repos
2024-01-10 13:31:38,053 INFO  - Payload to be sent is {
  "name" : "repo2",
  "description" : "DDT repo2"
}
2024-01-10 13:31:38,284 INFO  - Response of request is {"message":"Bad credentials","documentation_url":"https://docs.github.com/rest"}
2024-01-10 13:31:38,285 INFO  - Post status code is 401
2024-01-10 13:31:38,302 INFO  - ****************************************************************************************
2024-01-10 13:31:38,302 INFO  - ****************************************************************************************
2024-01-10 13:31:38,303 INFO  - $$$$$$$$$$$$$$$$$$$$$            Verify Create Repo API         $$$$$$$$$$$$$$$$$$$$$$$$$
2024-01-10 13:31:38,303 INFO  - ****************************************************************************************
2024-01-10 13:31:38,303 INFO  - ****************************************************************************************
2024-01-10 13:31:38,305 INFO  - BaseURI is - https://api.github.com/user/repos
2024-01-10 13:31:38,305 INFO  - Payload to be sent is {
  "name" : "repo3",
  "description" : "DDT repo3"
}
2024-01-10 13:31:38,537 INFO  - Response of request is {"message":"Bad credentials","documentation_url":"https://docs.github.com/rest"}
2024-01-10 13:31:38,539 INFO  - Post status code is 401
2024-01-10 13:31:38,551 INFO  - ****************************************************************************************
2024-01-10 13:31:38,552 INFO  - ****************************************************************************************
2024-01-10 13:31:38,552 INFO  - $$$$$$$$$$$$$$$$$$$$$            Verify Delete Repo API         $$$$$$$$$$$$$$$$$$$$$$$$$
2024-01-10 13:31:38,552 INFO  - ****************************************************************************************
2024-01-10 13:31:38,552 INFO  - ****************************************************************************************
2024-01-10 13:31:38,554 INFO  - Delete URI is - https://api.github.com/repos/bhudiavick/repo1
2024-01-10 13:31:38,818 INFO  - Delete status code is 401
2024-01-10 13:31:38,835 INFO  - ****************************************************************************************
2024-01-10 13:31:38,835 INFO  - ****************************************************************************************
2024-01-10 13:31:38,835 INFO  - $$$$$$$$$$$$$$$$$$$$$            Verify Delete Repo API         $$$$$$$$$$$$$$$$$$$$$$$$$
2024-01-10 13:31:38,835 INFO  - ****************************************************************************************
2024-01-10 13:31:38,835 INFO  - ****************************************************************************************
2024-01-10 13:31:38,837 INFO  - Delete URI is - https://api.github.com/repos/bhudiavick/repo2
2024-01-10 13:31:39,088 INFO  - Delete status code is 401
2024-01-10 13:31:39,102 INFO  - ****************************************************************************************
2024-01-10 13:31:39,102 INFO  - ****************************************************************************************
2024-01-10 13:31:39,103 INFO  - $$$$$$$$$$$$$$$$$$$$$            Verify Delete Repo API         $$$$$$$$$$$$$$$$$$$$$$$$$
2024-01-10 13:31:39,103 INFO  - ****************************************************************************************
2024-01-10 13:31:39,103 INFO  - ****************************************************************************************
2024-01-10 13:31:39,105 INFO  - Delete URI is - https://api.github.com/repos/bhudiavick/repo3
2024-01-10 13:31:39,341 INFO  - Delete status code is 401
2024-01-10 13:37:40,887 INFO  - ****************************************************************************************
2024-01-10 13:37:40,887 INFO  - ****************************************************************************************
2024-01-10 13:37:40,887 INFO  - $$$$$$$$$$$$$$$$$$$$$            Verify Create Repo API         $$$$$$$$$$$$$$$$$$$$$$$$$
2024-01-10 13:37:40,887 INFO  - ****************************************************************************************
2024-01-10 13:37:40,887 INFO  - ****************************************************************************************
2024-01-10 13:37:41,091 INFO  - BaseURI is - https://api.github.com/user/repos
2024-01-10 13:37:41,091 INFO  - Payload to be sent is {
  "name" : "repo1",
  "description" : "DDT repo1"
}
2024-01-10 13:37:42,594 INFO  - Response of request is {"message":"Bad credentials","documentation_url":"https://docs.github.com/rest"}
2024-01-10 13:37:42,594 INFO  - Post status code is 401
2024-01-10 13:37:42,614 INFO  - ****************************************************************************************
2024-01-10 13:37:42,614 INFO  - ****************************************************************************************
2024-01-10 13:37:42,615 INFO  - $$$$$$$$$$$$$$$$$$$$$            Verify Create Repo API         $$$$$$$$$$$$$$$$$$$$$$$$$
2024-01-10 13:37:42,615 INFO  - ****************************************************************************************
2024-01-10 13:37:42,615 INFO  - ****************************************************************************************
2024-01-10 13:37:42,616 INFO  - BaseURI is - https://api.github.com/user/repos
2024-01-10 13:37:42,616 INFO  - Payload to be sent is {
  "name" : "repo2",
  "description" : "DDT repo2"
}
2024-01-10 13:37:42,841 INFO  - Response of request is {"message":"Bad credentials","documentation_url":"https://docs.github.com/rest"}
2024-01-10 13:37:42,841 INFO  - Post status code is 401
2024-01-10 13:37:42,859 INFO  - ****************************************************************************************
2024-01-10 13:37:42,859 INFO  - ****************************************************************************************
2024-01-10 13:37:42,859 INFO  - $$$$$$$$$$$$$$$$$$$$$            Verify Create Repo API         $$$$$$$$$$$$$$$$$$$$$$$$$
2024-01-10 13:37:42,860 INFO  - ****************************************************************************************
2024-01-10 13:37:42,860 INFO  - ****************************************************************************************
2024-01-10 13:37:42,863 INFO  - BaseURI is - https://api.github.com/user/repos
2024-01-10 13:37:42,863 INFO  - Payload to be sent is {
  "name" : "repo3",
  "description" : "DDT repo3"
}
2024-01-10 13:37:43,147 INFO  - Response of request is {"message":"Bad credentials","documentation_url":"https://docs.github.com/rest"}
2024-01-10 13:37:43,147 INFO  - Post status code is 401
2024-01-10 13:37:43,166 INFO  - ****************************************************************************************
2024-01-10 13:37:43,166 INFO  - ****************************************************************************************
2024-01-10 13:37:43,167 INFO  - $$$$$$$$$$$$$$$$$$$$$            Verify Delete Repo API         $$$$$$$$$$$$$$$$$$$$$$$$$
2024-01-10 13:37:43,167 INFO  - ****************************************************************************************
2024-01-10 13:37:43,167 INFO  - ****************************************************************************************
2024-01-10 13:37:43,171 INFO  - Delete URI is - https://api.github.com/repos/bhudiavick/repo1
2024-01-10 13:37:43,444 INFO  - Delete status code is 401
2024-01-10 13:37:43,459 INFO  - ****************************************************************************************
2024-01-10 13:37:43,459 INFO  - ****************************************************************************************
2024-01-10 13:37:43,459 INFO  - $$$$$$$$$$$$$$$$$$$$$            Verify Delete Repo API         $$$$$$$$$$$$$$$$$$$$$$$$$
2024-01-10 13:37:43,460 INFO  - ****************************************************************************************
2024-01-10 13:37:43,460 INFO  - ****************************************************************************************
2024-01-10 13:37:43,463 INFO  - Delete URI is - https://api.github.com/repos/bhudiavick/repo2
2024-01-10 13:37:43,709 INFO  - Delete status code is 401
2024-01-10 13:37:43,716 INFO  - ****************************************************************************************
2024-01-10 13:37:43,716 INFO  - ****************************************************************************************
2024-01-10 13:37:43,716 INFO  - $$$$$$$$$$$$$$$$$$$$$            Verify Delete Repo API         $$$$$$$$$$$$$$$$$$$$$$$$$
2024-01-10 13:37:43,716 INFO  - ****************************************************************************************
2024-01-10 13:37:43,716 INFO  - ****************************************************************************************
2024-01-10 13:37:43,717 INFO  - Delete URI is - https://api.github.com/repos/bhudiavick/repo3
2024-01-10 13:37:43,927 INFO  - Delete status code is 401
2024-01-10 14:29:01,185 INFO  - ****************************************************************************************
2024-01-10 14:29:01,185 INFO  - ****************************************************************************************
2024-01-10 14:29:01,185 INFO  - $$$$$$$$$$$$$$$$$$$$$            Verify Create Repo API         $$$$$$$$$$$$$$$$$$$$$$$$$
2024-01-10 14:29:01,185 INFO  - ****************************************************************************************
2024-01-10 14:29:01,185 INFO  - ****************************************************************************************
2024-01-10 14:29:01,373 INFO  - BaseURI is - https://api.github.com/user/repos
2024-01-10 14:29:01,373 INFO  - Payload to be sent is {
  "name" : "repo1",
  "description" : "DDT repo1"
}
2024-01-10 14:29:03,685 INFO  - Response of request is {"id":741502642,"node_id":"R_kgDOLDJusg","name":"repo1","full_name":"bhudiavick/repo1","private":false,"owner":{"login":"bhudiavick","id":154526972,"node_id":"U_kgDOCTXk_A","avatar_url":"https://avatars.githubusercontent.com/u/154526972?v=4","gravatar_id":"","url":"https://api.github.com/users/bhudiavick","html_url":"https://github.com/bhudiavick","followers_url":"https://api.github.com/users/bhudiavick/followers","following_url":"https://api.github.com/users/bhudiavick/following{/other_user}","gists_url":"https://api.github.com/users/bhudiavick/gists{/gist_id}","starred_url":"https://api.github.com/users/bhudiavick/starred{/owner}{/repo}","subscriptions_url":"https://api.github.com/users/bhudiavick/subscriptions","organizations_url":"https://api.github.com/users/bhudiavick/orgs","repos_url":"https://api.github.com/users/bhudiavick/repos","events_url":"https://api.github.com/users/bhudiavick/events{/privacy}","received_events_url":"https://api.github.com/users/bhudiavick/received_events","type":"User","site_admin":false},"html_url":"https://github.com/bhudiavick/repo1","description":"DDT repo1","fork":false,"url":"https://api.github.com/repos/bhudiavick/repo1","forks_url":"https://api.github.com/repos/bhudiavick/repo1/forks","keys_url":"https://api.github.com/repos/bhudiavick/repo1/keys{/key_id}","collaborators_url":"https://api.github.com/repos/bhudiavick/repo1/collaborators{/collaborator}","teams_url":"https://api.github.com/repos/bhudiavick/repo1/teams","hooks_url":"https://api.github.com/repos/bhudiavick/repo1/hooks","issue_events_url":"https://api.github.com/repos/bhudiavick/repo1/issues/events{/number}","events_url":"https://api.github.com/repos/bhudiavick/repo1/events","assignees_url":"https://api.github.com/repos/bhudiavick/repo1/assignees{/user}","branches_url":"https://api.github.com/repos/bhudiavick/repo1/branches{/branch}","tags_url":"https://api.github.com/repos/bhudiavick/repo1/tags","blobs_url":"https://api.github.com/repos/bhudiavick/repo1/git/blobs{/sha}","git_tags_url":"https://api.github.com/repos/bhudiavick/repo1/git/tags{/sha}","git_refs_url":"https://api.github.com/repos/bhudiavick/repo1/git/refs{/sha}","trees_url":"https://api.github.com/repos/bhudiavick/repo1/git/trees{/sha}","statuses_url":"https://api.github.com/repos/bhudiavick/repo1/statuses/{sha}","languages_url":"https://api.github.com/repos/bhudiavick/repo1/languages","stargazers_url":"https://api.github.com/repos/bhudiavick/repo1/stargazers","contributors_url":"https://api.github.com/repos/bhudiavick/repo1/contributors","subscribers_url":"https://api.github.com/repos/bhudiavick/repo1/subscribers","subscription_url":"https://api.github.com/repos/bhudiavick/repo1/subscription","commits_url":"https://api.github.com/repos/bhudiavick/repo1/commits{/sha}","git_commits_url":"https://api.github.com/repos/bhudiavick/repo1/git/commits{/sha}","comments_url":"https://api.github.com/repos/bhudiavick/repo1/comments{/number}","issue_comment_url":"https://api.github.com/repos/bhudiavick/repo1/issues/comments{/number}","contents_url":"https://api.github.com/repos/bhudiavick/repo1/contents/{+path}","compare_url":"https://api.github.com/repos/bhudiavick/repo1/compare/{base}...{head}","merges_url":"https://api.github.com/repos/bhudiavick/repo1/merges","archive_url":"https://api.github.com/repos/bhudiavick/repo1/{archive_format}{/ref}","downloads_url":"https://api.github.com/repos/bhudiavick/repo1/downloads","issues_url":"https://api.github.com/repos/bhudiavick/repo1/issues{/number}","pulls_url":"https://api.github.com/repos/bhudiavick/repo1/pulls{/number}","milestones_url":"https://api.github.com/repos/bhudiavick/repo1/milestones{/number}","notifications_url":"https://api.github.com/repos/bhudiavick/repo1/notifications{?since,all,participating}","labels_url":"https://api.github.com/repos/bhudiavick/repo1/labels{/name}","releases_url":"https://api.github.com/repos/bhudiavick/repo1/releases{/id}","deployments_url":"https://api.github.com/repos/bhudiavick/repo1/deployments","created_at":"2024-01-10T14:29:02Z","updated_at":"2024-01-10T14:29:02Z","pushed_at":"2024-01-10T14:29:02Z","git_url":"git://github.com/bhudiavick/repo1.git","ssh_url":"git@github.com:bhudiavick/repo1.git","clone_url":"https://github.com/bhudiavick/repo1.git","svn_url":"https://github.com/bhudiavick/repo1","homepage":null,"size":0,"stargazers_count":0,"watchers_count":0,"language":null,"has_issues":true,"has_projects":true,"has_downloads":true,"has_wiki":true,"has_pages":false,"has_discussions":false,"forks_count":0,"mirror_url":null,"archived":false,"disabled":false,"open_issues_count":0,"license":null,"allow_forking":true,"is_template":false,"web_commit_signoff_required":false,"topics":[],"visibility":"public","forks":0,"open_issues":0,"watchers":0,"default_branch":"main","permissions":{"admin":true,"maintain":true,"push":true,"triage":true,"pull":true},"allow_squash_merge":true,"allow_merge_commit":true,"allow_rebase_merge":true,"allow_auto_merge":false,"delete_branch_on_merge":false,"allow_update_branch":false,"use_squash_pr_title_as_default":false,"squash_merge_commit_message":"COMMIT_MESSAGES","squash_merge_commit_title":"COMMIT_OR_PR_TITLE","merge_commit_message":"PR_TITLE","merge_commit_title":"MERGE_MESSAGE","network_count":0,"subscribers_count":0}
2024-01-10 14:29:03,685 INFO  - Post status code is 201
2024-01-10 14:29:04,151 INFO  - Actual  : repo1 is repo1 and was expecting repo1
2024-01-10 14:29:04,174 INFO  - Actual  : DDT repo1 is DDT repo1 and was expecting DDT repo1
2024-01-10 14:29:04,174 INFO  - XXXXXXXXXXXXXXXXXXXXXXX             -E---N---D-             XXXXXXXXXXXXXXXXXXXXXX
2024-01-10 14:29:04,174 INFO  - XXXXXXXXXXXXXXXXXXXXXXX***********************************************XXXXXXXXXXXXXXXXXXXXXX
2024-01-10 14:29:04,174 INFO  - XXXXXXXXXXXXXXXXXXXXXXX***********************************************XXXXXXXXXXXXXXXXXXXXXX
2024-01-10 14:29:04,174 INFO  - X
2024-01-10 14:29:04,174 INFO  - X
2024-01-10 14:29:04,174 INFO  - X
2024-01-10 14:29:04,174 INFO  - X
2024-01-10 14:29:04,174 INFO  - X
2024-01-10 14:29:04,191 INFO  - ****************************************************************************************
2024-01-10 14:29:04,191 INFO  - ****************************************************************************************
2024-01-10 14:29:04,191 INFO  - $$$$$$$$$$$$$$$$$$$$$            Verify Create Repo API         $$$$$$$$$$$$$$$$$$$$$$$$$
2024-01-10 14:29:04,191 INFO  - ****************************************************************************************
2024-01-10 14:29:04,191 INFO  - ****************************************************************************************
2024-01-10 14:29:04,193 INFO  - BaseURI is - https://api.github.com/user/repos
2024-01-10 14:29:04,193 INFO  - Payload to be sent is {
  "name" : "repo2",
  "description" : "DDT repo2"
}
2024-01-10 14:29:05,130 INFO  - Response of request is {"id":741502659,"node_id":"R_kgDOLDJuww","name":"repo2","full_name":"bhudiavick/repo2","private":false,"owner":{"login":"bhudiavick","id":154526972,"node_id":"U_kgDOCTXk_A","avatar_url":"https://avatars.githubusercontent.com/u/154526972?v=4","gravatar_id":"","url":"https://api.github.com/users/bhudiavick","html_url":"https://github.com/bhudiavick","followers_url":"https://api.github.com/users/bhudiavick/followers","following_url":"https://api.github.com/users/bhudiavick/following{/other_user}","gists_url":"https://api.github.com/users/bhudiavick/gists{/gist_id}","starred_url":"https://api.github.com/users/bhudiavick/starred{/owner}{/repo}","subscriptions_url":"https://api.github.com/users/bhudiavick/subscriptions","organizations_url":"https://api.github.com/users/bhudiavick/orgs","repos_url":"https://api.github.com/users/bhudiavick/repos","events_url":"https://api.github.com/users/bhudiavick/events{/privacy}","received_events_url":"https://api.github.com/users/bhudiavick/received_events","type":"User","site_admin":false},"html_url":"https://github.com/bhudiavick/repo2","description":"DDT repo2","fork":false,"url":"https://api.github.com/repos/bhudiavick/repo2","forks_url":"https://api.github.com/repos/bhudiavick/repo2/forks","keys_url":"https://api.github.com/repos/bhudiavick/repo2/keys{/key_id}","collaborators_url":"https://api.github.com/repos/bhudiavick/repo2/collaborators{/collaborator}","teams_url":"https://api.github.com/repos/bhudiavick/repo2/teams","hooks_url":"https://api.github.com/repos/bhudiavick/repo2/hooks","issue_events_url":"https://api.github.com/repos/bhudiavick/repo2/issues/events{/number}","events_url":"https://api.github.com/repos/bhudiavick/repo2/events","assignees_url":"https://api.github.com/repos/bhudiavick/repo2/assignees{/user}","branches_url":"https://api.github.com/repos/bhudiavick/repo2/branches{/branch}","tags_url":"https://api.github.com/repos/bhudiavick/repo2/tags","blobs_url":"https://api.github.com/repos/bhudiavick/repo2/git/blobs{/sha}","git_tags_url":"https://api.github.com/repos/bhudiavick/repo2/git/tags{/sha}","git_refs_url":"https://api.github.com/repos/bhudiavick/repo2/git/refs{/sha}","trees_url":"https://api.github.com/repos/bhudiavick/repo2/git/trees{/sha}","statuses_url":"https://api.github.com/repos/bhudiavick/repo2/statuses/{sha}","languages_url":"https://api.github.com/repos/bhudiavick/repo2/languages","stargazers_url":"https://api.github.com/repos/bhudiavick/repo2/stargazers","contributors_url":"https://api.github.com/repos/bhudiavick/repo2/contributors","subscribers_url":"https://api.github.com/repos/bhudiavick/repo2/subscribers","subscription_url":"https://api.github.com/repos/bhudiavick/repo2/subscription","commits_url":"https://api.github.com/repos/bhudiavick/repo2/commits{/sha}","git_commits_url":"https://api.github.com/repos/bhudiavick/repo2/git/commits{/sha}","comments_url":"https://api.github.com/repos/bhudiavick/repo2/comments{/number}","issue_comment_url":"https://api.github.com/repos/bhudiavick/repo2/issues/comments{/number}","contents_url":"https://api.github.com/repos/bhudiavick/repo2/contents/{+path}","compare_url":"https://api.github.com/repos/bhudiavick/repo2/compare/{base}...{head}","merges_url":"https://api.github.com/repos/bhudiavick/repo2/merges","archive_url":"https://api.github.com/repos/bhudiavick/repo2/{archive_format}{/ref}","downloads_url":"https://api.github.com/repos/bhudiavick/repo2/downloads","issues_url":"https://api.github.com/repos/bhudiavick/repo2/issues{/number}","pulls_url":"https://api.github.com/repos/bhudiavick/repo2/pulls{/number}","milestones_url":"https://api.github.com/repos/bhudiavick/repo2/milestones{/number}","notifications_url":"https://api.github.com/repos/bhudiavick/repo2/notifications{?since,all,participating}","labels_url":"https://api.github.com/repos/bhudiavick/repo2/labels{/name}","releases_url":"https://api.github.com/repos/bhudiavick/repo2/releases{/id}","deployments_url":"https://api.github.com/repos/bhudiavick/repo2/deployments","created_at":"2024-01-10T14:29:04Z","updated_at":"2024-01-10T14:29:04Z","pushed_at":"2024-01-10T14:29:04Z","git_url":"git://github.com/bhudiavick/repo2.git","ssh_url":"git@github.com:bhudiavick/repo2.git","clone_url":"https://github.com/bhudiavick/repo2.git","svn_url":"https://github.com/bhudiavick/repo2","homepage":null,"size":0,"stargazers_count":0,"watchers_count":0,"language":null,"has_issues":true,"has_projects":true,"has_downloads":true,"has_wiki":true,"has_pages":false,"has_discussions":false,"forks_count":0,"mirror_url":null,"archived":false,"disabled":false,"open_issues_count":0,"license":null,"allow_forking":true,"is_template":false,"web_commit_signoff_required":false,"topics":[],"visibility":"public","forks":0,"open_issues":0,"watchers":0,"default_branch":"main","permissions":{"admin":true,"maintain":true,"push":true,"triage":true,"pull":true},"allow_squash_merge":true,"allow_merge_commit":true,"allow_rebase_merge":true,"allow_auto_merge":false,"delete_branch_on_merge":false,"allow_update_branch":false,"use_squash_pr_title_as_default":false,"squash_merge_commit_message":"COMMIT_MESSAGES","squash_merge_commit_title":"COMMIT_OR_PR_TITLE","merge_commit_message":"PR_TITLE","merge_commit_title":"MERGE_MESSAGE","network_count":0,"subscribers_count":0}
2024-01-10 14:29:05,132 INFO  - Post status code is 201
2024-01-10 14:29:05,173 INFO  - Actual  : repo2 is repo2 and was expecting repo2
2024-01-10 14:29:05,187 INFO  - Actual  : DDT repo2 is DDT repo2 and was expecting DDT repo2
2024-01-10 14:29:05,187 INFO  - XXXXXXXXXXXXXXXXXXXXXXX             -E---N---D-             XXXXXXXXXXXXXXXXXXXXXX
2024-01-10 14:29:05,187 INFO  - XXXXXXXXXXXXXXXXXXXXXXX***********************************************XXXXXXXXXXXXXXXXXXXXXX
2024-01-10 14:29:05,187 INFO  - XXXXXXXXXXXXXXXXXXXXXXX***********************************************XXXXXXXXXXXXXXXXXXXXXX
2024-01-10 14:29:05,187 INFO  - X
2024-01-10 14:29:05,187 INFO  - X
2024-01-10 14:29:05,187 INFO  - X
2024-01-10 14:29:05,187 INFO  - X
2024-01-10 14:29:05,187 INFO  - X
2024-01-10 14:29:05,191 INFO  - ****************************************************************************************
2024-01-10 14:29:05,191 INFO  - ****************************************************************************************
2024-01-10 14:29:05,191 INFO  - $$$$$$$$$$$$$$$$$$$$$            Verify Create Repo API         $$$$$$$$$$$$$$$$$$$$$$$$$
2024-01-10 14:29:05,191 INFO  - ****************************************************************************************
2024-01-10 14:29:05,191 INFO  - ****************************************************************************************
2024-01-10 14:29:05,192 INFO  - BaseURI is - https://api.github.com/user/repos
2024-01-10 14:29:05,192 INFO  - Payload to be sent is {
  "name" : "repo3",
  "description" : "DDT repo3"
}
2024-01-10 14:29:06,120 INFO  - Response of request is {"id":741502666,"node_id":"R_kgDOLDJuyg","name":"repo3","full_name":"bhudiavick/repo3","private":false,"owner":{"login":"bhudiavick","id":154526972,"node_id":"U_kgDOCTXk_A","avatar_url":"https://avatars.githubusercontent.com/u/154526972?v=4","gravatar_id":"","url":"https://api.github.com/users/bhudiavick","html_url":"https://github.com/bhudiavick","followers_url":"https://api.github.com/users/bhudiavick/followers","following_url":"https://api.github.com/users/bhudiavick/following{/other_user}","gists_url":"https://api.github.com/users/bhudiavick/gists{/gist_id}","starred_url":"https://api.github.com/users/bhudiavick/starred{/owner}{/repo}","subscriptions_url":"https://api.github.com/users/bhudiavick/subscriptions","organizations_url":"https://api.github.com/users/bhudiavick/orgs","repos_url":"https://api.github.com/users/bhudiavick/repos","events_url":"https://api.github.com/users/bhudiavick/events{/privacy}","received_events_url":"https://api.github.com/users/bhudiavick/received_events","type":"User","site_admin":false},"html_url":"https://github.com/bhudiavick/repo3","description":"DDT repo3","fork":false,"url":"https://api.github.com/repos/bhudiavick/repo3","forks_url":"https://api.github.com/repos/bhudiavick/repo3/forks","keys_url":"https://api.github.com/repos/bhudiavick/repo3/keys{/key_id}","collaborators_url":"https://api.github.com/repos/bhudiavick/repo3/collaborators{/collaborator}","teams_url":"https://api.github.com/repos/bhudiavick/repo3/teams","hooks_url":"https://api.github.com/repos/bhudiavick/repo3/hooks","issue_events_url":"https://api.github.com/repos/bhudiavick/repo3/issues/events{/number}","events_url":"https://api.github.com/repos/bhudiavick/repo3/events","assignees_url":"https://api.github.com/repos/bhudiavick/repo3/assignees{/user}","branches_url":"https://api.github.com/repos/bhudiavick/repo3/branches{/branch}","tags_url":"https://api.github.com/repos/bhudiavick/repo3/tags","blobs_url":"https://api.github.com/repos/bhudiavick/repo3/git/blobs{/sha}","git_tags_url":"https://api.github.com/repos/bhudiavick/repo3/git/tags{/sha}","git_refs_url":"https://api.github.com/repos/bhudiavick/repo3/git/refs{/sha}","trees_url":"https://api.github.com/repos/bhudiavick/repo3/git/trees{/sha}","statuses_url":"https://api.github.com/repos/bhudiavick/repo3/statuses/{sha}","languages_url":"https://api.github.com/repos/bhudiavick/repo3/languages","stargazers_url":"https://api.github.com/repos/bhudiavick/repo3/stargazers","contributors_url":"https://api.github.com/repos/bhudiavick/repo3/contributors","subscribers_url":"https://api.github.com/repos/bhudiavick/repo3/subscribers","subscription_url":"https://api.github.com/repos/bhudiavick/repo3/subscription","commits_url":"https://api.github.com/repos/bhudiavick/repo3/commits{/sha}","git_commits_url":"https://api.github.com/repos/bhudiavick/repo3/git/commits{/sha}","comments_url":"https://api.github.com/repos/bhudiavick/repo3/comments{/number}","issue_comment_url":"https://api.github.com/repos/bhudiavick/repo3/issues/comments{/number}","contents_url":"https://api.github.com/repos/bhudiavick/repo3/contents/{+path}","compare_url":"https://api.github.com/repos/bhudiavick/repo3/compare/{base}...{head}","merges_url":"https://api.github.com/repos/bhudiavick/repo3/merges","archive_url":"https://api.github.com/repos/bhudiavick/repo3/{archive_format}{/ref}","downloads_url":"https://api.github.com/repos/bhudiavick/repo3/downloads","issues_url":"https://api.github.com/repos/bhudiavick/repo3/issues{/number}","pulls_url":"https://api.github.com/repos/bhudiavick/repo3/pulls{/number}","milestones_url":"https://api.github.com/repos/bhudiavick/repo3/milestones{/number}","notifications_url":"https://api.github.com/repos/bhudiavick/repo3/notifications{?since,all,participating}","labels_url":"https://api.github.com/repos/bhudiavick/repo3/labels{/name}","releases_url":"https://api.github.com/repos/bhudiavick/repo3/releases{/id}","deployments_url":"https://api.github.com/repos/bhudiavick/repo3/deployments","created_at":"2024-01-10T14:29:05Z","updated_at":"2024-01-10T14:29:05Z","pushed_at":"2024-01-10T14:29:05Z","git_url":"git://github.com/bhudiavick/repo3.git","ssh_url":"git@github.com:bhudiavick/repo3.git","clone_url":"https://github.com/bhudiavick/repo3.git","svn_url":"https://github.com/bhudiavick/repo3","homepage":null,"size":0,"stargazers_count":0,"watchers_count":0,"language":null,"has_issues":true,"has_projects":true,"has_downloads":true,"has_wiki":true,"has_pages":false,"has_discussions":false,"forks_count":0,"mirror_url":null,"archived":false,"disabled":false,"open_issues_count":0,"license":null,"allow_forking":true,"is_template":false,"web_commit_signoff_required":false,"topics":[],"visibility":"public","forks":0,"open_issues":0,"watchers":0,"default_branch":"main","permissions":{"admin":true,"maintain":true,"push":true,"triage":true,"pull":true},"allow_squash_merge":true,"allow_merge_commit":true,"allow_rebase_merge":true,"allow_auto_merge":false,"delete_branch_on_merge":false,"allow_update_branch":false,"use_squash_pr_title_as_default":false,"squash_merge_commit_message":"COMMIT_MESSAGES","squash_merge_commit_title":"COMMIT_OR_PR_TITLE","merge_commit_message":"PR_TITLE","merge_commit_title":"MERGE_MESSAGE","network_count":0,"subscribers_count":0}
2024-01-10 14:29:06,120 INFO  - Post status code is 201
2024-01-10 14:29:06,137 INFO  - Actual  : repo3 is repo3 and was expecting repo3
2024-01-10 14:29:06,147 INFO  - Actual  : DDT repo3 is DDT repo3 and was expecting DDT repo3
2024-01-10 14:29:06,147 INFO  - XXXXXXXXXXXXXXXXXXXXXXX             -E---N---D-             XXXXXXXXXXXXXXXXXXXXXX
2024-01-10 14:29:06,147 INFO  - XXXXXXXXXXXXXXXXXXXXXXX***********************************************XXXXXXXXXXXXXXXXXXXXXX
2024-01-10 14:29:06,147 INFO  - XXXXXXXXXXXXXXXXXXXXXXX***********************************************XXXXXXXXXXXXXXXXXXXXXX
2024-01-10 14:29:06,147 INFO  - X
2024-01-10 14:29:06,147 INFO  - X
2024-01-10 14:29:06,148 INFO  - X
2024-01-10 14:29:06,148 INFO  - X
2024-01-10 14:29:06,148 INFO  - X
2024-01-10 14:29:06,152 INFO  - ****************************************************************************************
2024-01-10 14:29:06,153 INFO  - ****************************************************************************************
2024-01-10 14:29:06,153 INFO  - $$$$$$$$$$$$$$$$$$$$$            Verify Delete Repo API         $$$$$$$$$$$$$$$$$$$$$$$$$
2024-01-10 14:29:06,153 INFO  - ****************************************************************************************
2024-01-10 14:29:06,153 INFO  - ****************************************************************************************
2024-01-10 14:29:06,154 INFO  - Delete URI is - https://api.github.com/repos/bhudiavick/repo1
2024-01-10 14:29:06,611 INFO  - Delete status code is 204
2024-01-10 14:29:06,612 INFO  - XXXXXXXXXXXXXXXXXXXXXXX             -E---N---D-             XXXXXXXXXXXXXXXXXXXXXX
2024-01-10 14:29:06,612 INFO  - XXXXXXXXXXXXXXXXXXXXXXX***********************************************XXXXXXXXXXXXXXXXXXXXXX
2024-01-10 14:29:06,612 INFO  - XXXXXXXXXXXXXXXXXXXXXXX***********************************************XXXXXXXXXXXXXXXXXXXXXX
2024-01-10 14:29:06,612 INFO  - X
2024-01-10 14:29:06,612 INFO  - X
2024-01-10 14:29:06,612 INFO  - X
2024-01-10 14:29:06,612 INFO  - X
2024-01-10 14:29:06,612 INFO  - X
2024-01-10 14:29:06,616 INFO  - ****************************************************************************************
2024-01-10 14:29:06,616 INFO  - ****************************************************************************************
2024-01-10 14:29:06,617 INFO  - $$$$$$$$$$$$$$$$$$$$$            Verify Delete Repo API         $$$$$$$$$$$$$$$$$$$$$$$$$
2024-01-10 14:29:06,617 INFO  - ****************************************************************************************
2024-01-10 14:29:06,617 INFO  - ****************************************************************************************
2024-01-10 14:29:06,618 INFO  - Delete URI is - https://api.github.com/repos/bhudiavick/repo2
2024-01-10 14:29:07,062 INFO  - Delete status code is 204
2024-01-10 14:29:07,063 INFO  - XXXXXXXXXXXXXXXXXXXXXXX             -E---N---D-             XXXXXXXXXXXXXXXXXXXXXX
2024-01-10 14:29:07,063 INFO  - XXXXXXXXXXXXXXXXXXXXXXX***********************************************XXXXXXXXXXXXXXXXXXXXXX
2024-01-10 14:29:07,064 INFO  - XXXXXXXXXXXXXXXXXXXXXXX***********************************************XXXXXXXXXXXXXXXXXXXXXX
2024-01-10 14:29:07,064 INFO  - X
2024-01-10 14:29:07,064 INFO  - X
2024-01-10 14:29:07,064 INFO  - X
2024-01-10 14:29:07,064 INFO  - X
2024-01-10 14:29:07,064 INFO  - X
2024-01-10 14:29:07,077 INFO  - ****************************************************************************************
2024-01-10 14:29:07,078 INFO  - ****************************************************************************************
2024-01-10 14:29:07,078 INFO  - $$$$$$$$$$$$$$$$$$$$$            Verify Delete Repo API         $$$$$$$$$$$$$$$$$$$$$$$$$
2024-01-10 14:29:07,078 INFO  - ****************************************************************************************
2024-01-10 14:29:07,078 INFO  - ****************************************************************************************
2024-01-10 14:29:07,081 INFO  - Delete URI is - https://api.github.com/repos/bhudiavick/repo3
2024-01-10 14:29:07,517 INFO  - Delete status code is 204
2024-01-10 14:29:07,518 INFO  - XXXXXXXXXXXXXXXXXXXXXXX             -E---N---D-             XXXXXXXXXXXXXXXXXXXXXX
2024-01-10 14:29:07,518 INFO  - XXXXXXXXXXXXXXXXXXXXXXX***********************************************XXXXXXXXXXXXXXXXXXXXXX
2024-01-10 14:29:07,519 INFO  - XXXXXXXXXXXXXXXXXXXXXXX***********************************************XXXXXXXXXXXXXXXXXXXXXX
2024-01-10 14:29:07,519 INFO  - X
2024-01-10 14:29:07,519 INFO  - X
2024-01-10 14:29:07,519 INFO  - X
2024-01-10 14:29:07,519 INFO  - X
2024-01-10 14:29:07,519 INFO  - X
